1 10 20
100 200 125
201 210 89
900 1000 174
445646 467705 444
825721 912338 525
233509 632051 509
169125 198214 365
252126 360572 441
838038 993798 507
406892 995264 525
447662 758205 509
886163 978852 507
964979 993737 458
751970 841323 525
397079 486048 449
455953 480043 444
601607 923936 525
308934 813450 509
937838 979871 507
292230 802391 509
849524 996167 507
301741 707178 509
913671 982766 507
638453 683432 442
273637 823819 509
788947 939100 525
592385 905087 525
337673 364860 441
332984 868759 525
651652 757944 504
534938 668966 509
542519 716561 509
183012 952176 525
206895 756753 509
675051 685072 385
775929 859936 525
407005 988008 525
127415 849574 525
754783 789064 468
781232 904647 525
116797 680047 509
786996 897687 525
427758 509660 444
954538 975861 458
134211 480245 449
814575 826981 450
527331 724515 509
718014 925449 525
852877 912914 476
116806 948826 525
341852 708708 509
875076 980431 507
478651 925676 525
645627 736737 504
867752 974861 507
356686 987768 525
969755 975785 458
516564 884130 525
691302 798673 504
899850 921233 476
178429 222598 386
820030 880201 525
367512 871062 525
297179 676314 509
235133 960134 525
514537 973573 525
169942 525286 470
712523 875624 525
589914 724612 509
736919 829719 468
367690 950663 525
375297 775734 509
424946 451129 400
481428 873320 525
426653 783137 509
175332 593846 470
135919 213645 383
441143 553838 470
900330 948427 507
438294 759656 509
316874 834781 509
476290 771390 509
686015 805517 504
664352 831554 504
473731 618333 470
982563 983681 383
977055 985974 427
654739 730546 504
877698 997498 507
782495 828359 468
185952 297009 443
245562 979314 525
518731 851193 525
322664 907443 525
929502 984279 507
558322 761726 509
336445 792764 509
935900 990240 507
289640 747179 509
126182 457637 449
181122 914059 525
783379 798316 468
779702 979728 525
990900 995762 365
152362 932550 525
386789 466546 449
688011 872334 525
503997 663517 509
208600 531427 470
120440 747153 509
702689 788138 504
300577 799450 509
869885 949244 507
460365 505945 444
809023 970174 525
384576 481833 449
166164 606662 470
950120 980286 458
718412 954322 525
998378 999233 396
786874 868773 525
322620 680899 509
390061 633092 509
363645 460237 449
838801 845510 401
699082 881349 525
904533 942700 507
887079 894812 401
558759 783066 509
687713 768777 504
868399 948487 507
871852 891211 445
561572 654817 509
914083 997006 507
453752 526164 470
258699 878964 525
914142 990473 507
864644 953650 507
110228 356005 443
369530 407716 436
460481 726093 509
487121 498312 426
512747 870018 525
468958 979380 525
976812 988027 427
209728 346005 443
529798 773152 509
381358 471198 449
530331 654563 509
541615 972940 525
446054 543988 470
260665 926128 525
351295 834907 509
788228 807520 468
539785 567130 452
104780 673624 509
457946 541423 470
596949 990298 525
946212 962729 414
476724 767950 509
597667 654912 509
155944 530209 470
864695 891928 445
656402 740827 504
671305 872291 525
126179 923982 525
690764 710696 504
133630 668394 509
678757 728633 504
104027 912663 525
587958 662663 509
868014 981130 507
358665 658826 509
548474 625122 447
187751 653095 509
113104 403462 443
789921 985393 525
705310 819662 468
239113 340095 407
435542 829683 509
446195 861963 525
242654 309561 407
607917 845630 525
481703 768620 509
850847 991127 507
557867 822026 509
