1 10 20
100 200 125
201 210 89
900 1000 174
12 18 21
23 90 116
34 50 110
57 98 119
23489 67549 340
3456 8976 262
1234 4589 238
123478 897294 525
2390 23876 282
999999 100000 525
123456 789101 509
987654 321012 525
82638 98009 333
17342 42345 324
10170 27289 308
29299 32959 285
43345 81581 351
77759 93775 338
52322 71227 340
60723 79015 351
33446 93417 351
98362 98996 284
7832 14736 276
36657 64172 340
22778 32506 308
54345 82265 351
79623 87887 333
90883 97200 333
79880 394529 443
663225 358215 509
335788 531189 470
869767 971195 507
95007 802151 509
943725 441684 525
836991 408423 509
1 1000000 525
669 491 145
125 197 125
531 904 179
723 667 171
550 25 144
802 854 135
1 2 2
2 1 2
837799 939496 525
837800 939496 476
837798 939497 525
837799 939497 525
837800 939497 507
837798 939498 525
837799 939498 525
535306 610593 452
734566 649608 504
662988 623730 509
331304 82689 443
628028 684115 442
204115 262888 443
140490 73215 354
166985 40367 383
9332 676846 509
512304 278406 470
480743 899974 525
113916 329532 443
897735 632125 525
463888 573948 470
986164 858216 507
38567 580326 470
848713 964745 507
358989 522022 470
859061 739380 525
533989 441687 470
564915 789820 509
815845 987551 525
319706 631502 509
862416 802459 525
762725 328154 509
997337 903426 507
882513 693289 525
589356 355805 470
761859 858937 525
990368 938169 507
837799 837799 525
704511 704511 243
92543 489382 449
455605 146981 449
86164 137293 354
954845 293586 525
243080 901154 525
236129 428983 449
547225 689814 509
880202 469143 525
651852 837827 525
628037 425996 509
806280 806281 70
379341 379868 361
155281 158691 383
854261 855194 357
827665 827456 419
806129 805322 375
276791 280194 389
655238 655329 292
358577 358839 348
842747 844169 388
612687 612358 297
810273 809302 344
431700 431055 312
281758 283365 358
984263 984008 352
884741 885879 370
724152 724070 243
701743 201037 509
212017 13134 383
572556 815799 509
551364 144950 470
605684 369281 470
109078 317575 443
351457 313704 441
536259 275292 470
747 1494 182
591 2364 183
645 1935 182
462 1386 182
999 3996 238
310 1240 182
815 815 135
927 3708 217
711230 715903 411
179543 263802 443
350924 426431 449
279424 330784 389
733275 808274 468
116944 142786 375
261669 327705 407
452370 463979 444
564671 569831 421
187031 273691 443
132013 175009 383
650879 677055 442
113452 154048 375
87368 183024 383
114969 178110 383
17345 3458 276
2500 4500 238
